<?xml version="1.0" encoding="UTF-8"?>
<!-- Generated by org.testng.reporters.JUnitReportReporter -->
<testsuite hostname="Akhil" failures="0" tests="2" name="testCases.TC_003_LoginDataDrivenTest" time="0.000" errors="0" timestamp="2022-12-24T18:44:57 IST" skipped="2">
  <testcase classname="testCases.TC_003_LoginDataDrivenTest" name="test_LoginDDT" time="0.000">
    <skipped/>
  </testcase> <!-- test_LoginDDT -->
  <system-out/>
  <testcase classname="testCases.TC_003_LoginDataDrivenTest" name="test_LoginDDT" time="0.000">
    <skipped/>
  </testcase> <!-- test_LoginDDT -->
  <system-out/>
</testsuite> <!-- testCases.TC_003_LoginDataDrivenTest -->
